<?xml version="1.0" encoding="UTF-8"?>
<!-- Generated by org.testng.reporters.JUnitXMLReporter -->
<testsuite hostname="LAPTOP-NU0OESE7" name="Test3" tests="2" failures="1" timestamp="9 Apr 2017 13:49:39 GMT" time="0.063" errors="0">
  <testcase name="cCTest" time="0.025" classname="pac1.createCustomer">
    <failure type="java.lang.NullPointerException">
      <![CDATA[java.lang.NullPointerException
	at pac1.createCustomer.cCTest(createCustomer.java:22)
	at java.util.concurrent.FutureTask.run(Unknown Source)
	at java.util.concurrent.ThreadPoolExecutor.runWorker(Unknown Source)
	at java.util.concurrent.ThreadPoolExecutor$Worker.run(Unknown Source)
	at java.lang.Thread.run(Unknown Source)
... Removed 16 stack frames]]>
    </failure>
  </testcase> <!-- cCTest -->
  <testcase name="cCTest1" time="0.003" classname="pac1.createCustomer"/>
</testsuite> <!-- Test3 -->
