<?xml version="1.0" encoding="UTF-8"?>
<testng-results skipped="0" failed="0" total="1" passed="1">
  <reporter-output>
  </reporter-output>
  <suite name="Default suite" duration-ms="13314" started-at="2017-04-13T07:22:17Z" finished-at="2017-04-13T07:22:30Z">
    <groups>
    </groups>
    <test name="Default test" duration-ms="13314" started-at="2017-04-13T07:22:17Z" finished-at="2017-04-13T07:22:30Z">
      <class name="logIn.ActimeLogin">
        <test-method status="PASS" signature="createCustomerTest()[pri:0, instance:logIn.ActimeLogin@5cb137]" name="createCustomerTest" duration-ms="13295" started-at="2017-04-13T12:52:17Z" finished-at="2017-04-13T12:52:30Z">
          <reporter-output>
          </reporter-output>
        </test-method> <!-- createCustomerTest -->
      </class> <!-- logIn.ActimeLogin -->
    </test> <!-- Default test -->
  </suite> <!-- Default suite -->
</testng-results>
